[    0.000000] Initializing cgroup subsys cpuset
[    0.000000] Initializing cgroup subsys cpu
[    0.000000] Initializing cgroup subsys cpuacct
[    0.000000] Linux version 4.4.0-157-generic (buildd@lgw01-amd64-037) (gcc version 5.4.0 20160609 (Ubuntu 5.4.0-6ubuntu1~16.04.10) ) #185-Ubuntu SMP Tue Jul 23 09:17:01 UTC 2019 (Ubuntu 4.4.0-157.185-generic 4.4.181)
[    0.000000] Command line: BOOT_IMAGE=/boot/vmlinuz-4.4.0-157-generic root=LABEL=cloudimg-rootfs ro console=tty1 console=ttyS0
[    0.000000] KERNEL supported cpus:
[    0.000000]   Intel GenuineIntel
[    0.000000]   AMD AuthenticAMD
[    0.000000]   Centaur CentaurHauls
[    0.000000] x86/fpu: xstate_offset[2]:  576, xstate_sizes[2]:  256
[    0.000000] x86/fpu: Supporting XSAVE feature 0x01: 'x87 floating point registers'
[    0.000000] x86/fpu: Supporting XSAVE feature 0x02: 'SSE registers'
[    0.000000] x86/fpu: Supporting XSAVE feature 0x04: 'AVX registers'
[    0.000000] x86/fpu: Enabled xstate features 0x7, context size is 832 bytes, using 'standard' format.
[    0.000000] e820: BIOS-provided physical RAM map:
[    0.000000] BIOS-e820: [mem 0x0000000000000000-0x000000000009fbff] usable
[    0.000000] BIOS-e820: [mem 0x000000000009fc00-0x000000000009ffff] reserved
[    0.000000] BIOS-e820: [mem 0x00000000000f0000-0x00000000000fffff] reserved
[    0.000000] BIOS-e820: [mem 0x0000000000100000-0x000000003ffeffff] usable
[    0.000000] BIOS-e820: [mem 0x000000003fff0000-0x000000003fffffff] ACPI data
[    0.000000] BIOS-e820: [mem 0x00000000fec00000-0x00000000fec00fff] reserved
[    0.000000] BIOS-e820: [mem 0x00000000fee00000-0x00000000fee00fff] reserved
[    0.000000] BIOS-e820: [mem 0x00000000fffc0000-0x00000000ffffffff] reserved
[    0.000000] NX (Execute Disable) protection: active
[    0.000000] SMBIOS 2.5 present.
[    0.000000] Hypervisor detected: KVM
[    0.000000] e820: last_pfn = 0x3fff0 max_arch_pfn = 0x400000000
[    0.000000] MTRR: Disabled
[    0.000000] x86/PAT: MTRRs disabled, skipping PAT initialization too.
[    0.000000] CPU MTRRs all blank - virtualized system.
[    0.000000] x86/PAT: Configuration [0-7]: WB  WT  UC- UC  WB  WT  UC- UC  
[    0.000000] found SMP MP-table at [mem 0x0009fff0-0x0009ffff] mapped at [ffff88000009fff0]
[    0.000000] Scanning 1 areas for low memory corruption
[    0.000000] RAMDISK: [mem 0x362fc000-0x37175fff]
[    0.000000] ACPI: Early table checksum verification disabled
[    0.000000] ACPI: RSDP 0x00000000000E0000 000024 (v02 VBOX  )
[    0.000000] ACPI: XSDT 0x000000003FFF0030 00003C (v01 VBOX   VBOXXSDT 00000001 ASL  00000061)
[    0.000000] ACPI: FACP 0x000000003FFF00F0 0000F4 (v04 VBOX   VBOXFACP 00000001 ASL  00000061)
[    0.000000] ACPI: DSDT 0x000000003FFF0470 0022EA (v02 VBOX   VBOXBIOS 00000002 INTL 20100528)
[    0.000000] ACPI: FACS 0x000000003FFF0200 000040
[    0.000000] ACPI: FACS 0x000000003FFF0200 000040
[    0.000000] ACPI: APIC 0x000000003FFF0240 00005C (v02 VBOX   VBOXAPIC 00000001 ASL  00000061)
[    0.000000] ACPI: SSDT 0x000000003FFF02A0 0001CC (v01 VBOX   VBOXCPUT 00000002 INTL 20100528)
[    0.000000] No NUMA configuration found
[    0.000000] Faking a node at [mem 0x0000000000000000-0x000000003ffeffff]
[    0.000000] NODE_DATA(0) allocated [mem 0x3ffeb000-0x3ffeffff]
[    0.000000] kvm-clock: Using msrs 4b564d01 and 4b564d00
[    0.000000] kvm-clock: cpu 0, msr 0:3ffe3001, primary cpu clock
[    0.000000] kvm-clock: using sched offset of 3853034116 cycles
[    0.000000] clocksource: kvm-clock: mask: 0xffffffffffffffff max_cycles: 0x1cd42e4dffb, max_idle_ns: 881590591483 ns
[    0.000000] Zone ranges:
[    0.000000]   DMA      [mem 0x0000000000001000-0x0000000000ffffff]
[    0.000000]   DMA32    [mem 0x0000000001000000-0x000000003ffeffff]
[    0.000000]   Normal   empty
[    0.000000]   Device   empty
[    0.000000] Movable zone start for each node
[    0.000000] Early memory node ranges
[    0.000000]   node   0: [mem 0x0000000000001000-0x000000000009efff]
[    0.000000]   node   0: [mem 0x0000000000100000-0x000000003ffeffff]
[    0.000000] Initmem setup node 0 [mem 0x0000000000001000-0x000000003ffeffff]
[    0.000000] ACPI: PM-Timer IO Port: 0x4008
[    0.000000] IOAPIC[0]: apic_id 2, version 32, address 0xfec00000, GSI 0-23
[    0.000000] ACPI: INT_SRC_OVR (bus 0 bus_irq 0 global_irq 2 dfl dfl)
[    0.000000] ACPI: INT_SRC_OVR (bus 0 bus_irq 9 global_irq 9 low level)
[    0.000000] Using ACPI (MADT) for SMP configuration information
[    0.000000] smpboot: Allowing 2 CPUs, 0 hotplug CPUs
[    0.000000] PM: Registered nosave memory: [mem 0x00000000-0x00000fff]
[    0.000000] PM: Registered nosave memory: [mem 0x0009f000-0x0009ffff]
[    0.000000] PM: Registered nosave memory: [mem 0x000a0000-0x000effff]
[    0.000000] PM: Registered nosave memory: [mem 0x000f0000-0x000fffff]
[    0.000000] e820: [mem 0x40000000-0xfebfffff] available for PCI devices
[    0.000000] Booting paravirtualized kernel on KVM
[    0.000000] clocksource: refined-jiffies: mask: 0xffffffff max_cycles: 0xffffffff, max_idle_ns: 7645519600211568 ns
[    0.000000] setup_percpu: NR_CPUS:512 nr_cpumask_bits:512 nr_cpu_ids:2 nr_node_ids:1
[    0.000000] PERCPU: Embedded 34 pages/cpu @ffff88003fc00000 s99544 r8192 d31528 u1048576
[    0.000000] Built 1 zonelists in Node order, mobility grouping on.  Total pages: 257912
[    0.000000] Policy zone: DMA32
[    0.000000] Kernel command line: BOOT_IMAGE=/boot/vmlinuz-4.4.0-157-generic root=LABEL=cloudimg-rootfs ro console=tty1 console=ttyS0
[    0.000000] PID hash table entries: 4096 (order: 3, 32768 bytes)
[    0.000000] Memory: 997736K/1048120K available (8618K kernel code, 1335K rwdata, 4032K rodata, 1484K init, 1284K bss, 50384K reserved, 0K cma-reserved)
[    0.000000] SLUB: HWalign=64, Order=0-3, MinObjects=0, CPUs=2, Nodes=1
[    0.000000] Kernel/User page tables isolation: enabled
[    0.000000] Hierarchical RCU implementation.
[    0.000000] 	Build-time adjustment of leaf fanout to 64.
[    0.000000] 	RCU restricting CPUs from NR_CPUS=512 to nr_cpu_ids=2.
[    0.000000] RCU: Adjusting geometry for rcu_fanout_leaf=64, nr_cpu_ids=2
[    0.000000] NR_IRQS:33024 nr_irqs:440 16
[    0.000000] Console: colour VGA+ 80x25
[    0.000000] console [tty1] enabled
[    0.000000] console [ttyS0] enabled
[    0.000000] tsc: Detected 2904.002 MHz processor
[    0.173279] Calibrating delay loop (skipped) preset value.. 5808.00 BogoMIPS (lpj=11616008)
[    0.175399] pid_max: default: 32768 minimum: 301
[    0.176540] ACPI: Core revision 20150930
[    0.179413] ACPI: 2 ACPI AML tables successfully acquired and loaded
[    0.181132] Security Framework initialized
[    0.182245] Yama: becoming mindful.
[    0.183219] AppArmor: AppArmor initialized
[    0.184377] Dentry cache hash table entries: 131072 (order: 8, 1048576 bytes)
[    0.188726] Inode-cache hash table entries: 65536 (order: 7, 524288 bytes)
[    0.190279] Mount-cache hash table entries: 2048 (order: 2, 16384 bytes)
[    0.191731] Mountpoint-cache hash table entries: 2048 (order: 2, 16384 bytes)
[    0.193377] Initializing cgroup subsys io
[    0.194400] Initializing cgroup subsys memory
[    0.195489] Initializing cgroup subsys devices
[    0.196631] Initializing cgroup subsys freezer
[    0.197682] Initializing cgroup subsys net_cls
[    0.198807] Initializing cgroup subsys perf_event
[    0.199918] Initializing cgroup subsys net_prio
[    0.201033] Initializing cgroup subsys hugetlb
[    0.202115] Initializing cgroup subsys pids
[    0.204226] mce: CPU supports 0 MCE banks
[    0.205227] Last level iTLB entries: 4KB 64, 2MB 8, 4MB 8
[    0.206438] Last level dTLB entries: 4KB 64, 2MB 0, 4MB 0, 1GB 4
[    0.207757] Spectre V2 : Mitigation: Full generic retpoline
[    0.209131] Spectre V2 : Spectre v2 / SpectreRSB mitigation: Filling RSB on context switch
[    0.211109] Speculative Store Bypass: Vulnerable
[    0.212278] MDS: Vulnerable: Clear CPU buffers attempted, no microcode
[    0.216893] Freeing SMP alternatives memory: 36K
[    0.224416] ftrace: allocating 32312 entries in 127 pages
[    0.291149] smpboot: APIC(0) Converting physical 0 to logical package 0
[    0.292752] smpboot: Max logical packages: 1
[    0.294119] x2apic enabled
[    0.295226] Switched APIC routing to physical x2apic.
[    0.297932] ..TIMER: vector=0x30 apic1=0 pin1=2 apic2=-1 pin2=-1
[    0.404154] smpboot: CPU0: Intel(R) Core(TM) i7-7500U CPU @ 2.70GHz (family: 0x6, model: 0x8e, stepping: 0x9)
[    0.406763] Performance Events: unsupported p6 CPU model 142 no PMU driver, software events only.
[    0.419930] KVM setup paravirtual spinlock
[    0.421687] x86: Booting SMP configuration:
[    0.422735] .... node  #0, CPUs:      #1
[    0.423864] kvm-clock: cpu 1, msr 0:3ffe3041, secondary cpu clock
[    0.425743] mce: CPU supports 0 MCE banks
[    0.428270] x86: Booted up 1 node, 2 CPUs
[    0.429506] smpboot: Total of 2 processors activated (11616.00 BogoMIPS)
[    0.431448] devtmpfs: initialized
[    0.433903] evm: security.selinux
[    0.434739] evm: security.SMACK64
[    0.435574] evm: security.SMACK64EXEC
[    0.436516] evm: security.SMACK64TRANSMUTE
[    0.437457] evm: security.SMACK64MMAP
[    0.438336] evm: security.ima
[    0.439107] evm: security.capability
[    0.440136] clocksource: jiffies: mask: 0xffffffff max_cycles: 0xffffffff, max_idle_ns: 7645041785100000 ns
[    0.442235] futex hash table entries: 512 (order: 3, 32768 bytes)
[    0.444343] pinctrl core: initialized pinctrl subsystem
[    0.446046] RTC time: 14:48:11, date: 08/15/19
[    0.447720] NET: Registered protocol family 16
[    0.461830] cpuidle: using governor ladder
[    0.473678] cpuidle: using governor menu
[    0.475153] PCCT header not found.
[    0.476480] ACPI: bus type PCI registered
[    0.477749] acpiphp: ACPI Hot Plug PCI Controller Driver version: 0.5
[    0.479723] PCI: Using configuration type 1 for base access
[    0.494149] ACPI: Added _OSI(Module Device)
[    0.495540] ACPI: Added _OSI(Processor Device)
[    0.497007] ACPI: Added _OSI(3.0 _SCP Extensions)
[    0.498438] ACPI: Added _OSI(Processor Aggregator Device)
[    0.500963] ACPI: Executed 1 blocks of module-level executable AML code
[    0.505654] ACPI: Interpreter enabled
[    0.506770] ACPI: (supports S0 S5)
[    0.507799] ACPI: Using IOAPIC for interrupt routing
[    0.509300] PCI: Using host bridge windows from ACPI; if necessary, use "pci=nocrs" and report a bug
[    0.515110] ACPI: PCI Root Bridge [PCI0] (domain 0000 [bus 00-ff])
[    0.516628] acpi PNP0A03:00: _OSC: OS supports [ASPM ClockPM Segments MSI]
[    0.518459] acpi PNP0A03:00: _OSC: not requesting OS control; OS requires [ExtendedConfig ASPM ClockPM MSI]
[    0.520880] acpi PNP0A03:00: fail to add MMCONFIG information, can't access extended PCI configuration space under this bridge.
[    0.524221] PCI host bridge to bus 0000:00
[    0.525222] pci_bus 0000:00: root bus resource [io  0x0000-0x0cf7 window]
[    0.526696] pci_bus 0000:00: root bus resource [io  0x0d00-0xffff window]
[    0.528230] pci_bus 0000:00: root bus resource [mem 0x000a0000-0x000bffff window]
[    0.530080] pci_bus 0000:00: root bus resource [mem 0x40000000-0xfdffffff window]
[    0.532000] pci_bus 0000:00: root bus resource [bus 00-ff]
[    0.535209] pci 0000:00:01.1: legacy IDE quirk: reg 0x10: [io  0x01f0-0x01f7]
[    0.537328] pci 0000:00:01.1: legacy IDE quirk: reg 0x14: [io  0x03f6]
[    0.538760] pci 0000:00:01.1: legacy IDE quirk: reg 0x18: [io  0x0170-0x0177]
[    0.540419] pci 0000:00:01.1: legacy IDE quirk: reg 0x1c: [io  0x0376]
[    0.564164] pci 0000:00:07.0: quirk: [io  0x4000-0x403f] claimed by PIIX4 ACPI
[    0.579125] pci 0000:00:07.0: quirk: [io  0x4100-0x410f] claimed by PIIX4 SMB
[    0.593641] ACPI: PCI Interrupt Link [LNKA] (IRQs 5 9 10 *11)
[    0.595765] ACPI: PCI Interrupt Link [LNKB] (IRQs 5 9 *10 11)
[    0.597737] ACPI: PCI Interrupt Link [LNKC] (IRQs 5 *9 10 11)
[    0.599666] ACPI: PCI Interrupt Link [LNKD] (IRQs 5 9 10 *11)
[    0.601584] ACPI: Enabled 2 GPEs in block 00 to 07
[    0.603243] vgaarb: setting as boot device: PCI:0000:00:02.0
[    0.604504] vgaarb: device added: PCI:0000:00:02.0,decodes=io+mem,owns=io+mem,locks=none
[    0.606433] vgaarb: loaded
[    0.607285] vgaarb: bridge control possible 0000:00:02.0
[    0.608753] SCSI subsystem initialized
[    0.609952] ACPI: bus type USB registered
[    0.611012] usbcore: registered new interface driver usbfs
[    0.612363] usbcore: registered new interface driver hub
[    0.613869] usbcore: registered new device driver usb
[    0.615363] PCI: Using ACPI for IRQ routing
[    0.616724] NetLabel: Initializing
[    0.617671] NetLabel:  domain hash size = 128
[    0.618721] NetLabel:  protocols = UNLABELED CIPSOv4
[    0.622652] NetLabel:  unlabeled traffic allowed by default
[    0.624259] amd_nb: Cannot enumerate AMD northbridges
[    0.625512] clocksource: Switched to clocksource kvm-clock
[    0.637890] AppArmor: AppArmor Filesystem Enabled
[    0.639180] pnp: PnP ACPI init
[    0.640917] pnp: PnP ACPI: found 3 devices
[    0.652522] clocksource: acpi_pm: mask: 0xffffff max_cycles: 0xffffff, max_idle_ns: 2085701024 ns
[    0.654859] NET: Registered protocol family 2
[    0.656076] TCP established hash table entries: 8192 (order: 4, 65536 bytes)
[    0.657624] TCP bind hash table entries: 8192 (order: 5, 131072 bytes)
[    0.658979] TCP: Hash tables configured (established 8192 bind 8192)
[    0.660431] UDP hash table entries: 512 (order: 2, 16384 bytes)
[    0.661747] UDP-Lite hash table entries: 512 (order: 2, 16384 bytes)
[    0.663194] NET: Registered protocol family 1
[    0.664300] pci 0000:00:00.0: Limiting direct PCI/PCI transfers
[    0.665696] pci 0000:00:01.0: Activating ISA DMA hang workarounds
[    0.667380] Unpacking initramfs...
[    0.915513] Freeing initrd memory: 14824K
[    0.916728] clocksource: tsc: mask: 0xffffffffffffffff max_cycles: 0x29dc079b5d9, max_idle_ns: 440795223751 ns
[    0.919137] platform rtc_cmos: registered platform RTC device (no PNP device found)
[    0.921013] Scanning for low memory corruption every 60 seconds
[    0.923240] audit: initializing netlink subsys (disabled)
[    0.924468] audit: type=2000 audit(1565880496.773:1): initialized
[    0.926142] Initialise system trusted keyring
[    0.927586] HugeTLB registered 2 MB page size, pre-allocated 0 pages
[    0.930266] zbud: loaded
[    0.931518] VFS: Disk quotas dquot_6.6.0
[    0.932571] VFS: Dquot-cache hash table entries: 512 (order 0, 4096 bytes)
[    0.934425] squashfs: version 4.0 (2009/01/31) Phillip Lougher
[    0.936248] fuse init (API version 7.23)
[    0.937504] Key type big_key registered
[    0.938569] Allocating IMA MOK and blacklist keyrings.
[    0.942733] Key type asymmetric registered
[    0.943697] Asymmetric key parser 'x509' registered
[    0.944812] Block layer SCSI generic (bsg) driver version 0.4 loaded (major 249)
[    0.946654] io scheduler noop registered
[    0.947591] io scheduler deadline registered (default)
[    0.948734] io scheduler cfq registered
[    0.949768] pci_hotplug: PCI Hot Plug PCI Core version: 0.5
[    0.950973] pciehp: PCI Express Hot Plug Controller Driver version: 0.4
[    0.952440] ACPI: AC Adapter [AC] (on-line)
[    0.953503] input: Power Button as /devices/LNXSYSTM:00/LNXPWRBN:00/input/input0
[    0.955389] ACPI: Power Button [PWRF]
[    0.956449] input: Sleep Button as /devices/LNXSYSTM:00/LNXSLPBN:00/input/input1
[    0.958353] ACPI: Sleep Button [SLPF]
[    0.959646] GHES: HEST is not enabled!
[    0.960446] ACPI: Battery Slot [BAT0] (battery present)
[    0.962466] Serial: 8250/16550 driver, 32 ports, IRQ sharing enabled
[    0.984561] 00:02: ttyS0 at I/O 0x3f8 (irq = 4, base_baud = 115200) is a 16550A
[    0.991466] Linux agpgart interface v0.103
[    0.994446] loop: module loaded
[    0.995811] scsi host0: ata_piix
[    0.996747] scsi host1: ata_piix
[    0.997615] ata1: PATA max UDMA/33 cmd 0x1f0 ctl 0x3f6 bmdma 0xd000 irq 14
[    0.999078] ata2: PATA max UDMA/33 cmd 0x170 ctl 0x376 bmdma 0xd008 irq 15
[    1.000591] libphy: Fixed MDIO Bus: probed
[    1.001739] tun: Universal TUN/TAP device driver, 1.6
[    1.003350] tun: (C) 1999-2004 Max Krasnyansky <maxk@qualcomm.com>
[    1.004871] PPP generic driver version 2.4.2
[    1.006189] ehci_hcd: USB 2.0 'Enhanced' Host Controller (EHCI) Driver
[    1.007648] ehci-pci: EHCI PCI platform driver
[    1.008724] ehci-platform: EHCI generic platform driver
[    1.010008] ohci_hcd: USB 1.1 'Open' Host Controller (OHCI) Driver
[    1.011377] ohci-pci: OHCI PCI platform driver
[    1.012455] ohci-platform: OHCI generic platform driver
[    1.013681] uhci_hcd: USB Universal Host Controller Interface driver
[    1.015219] i8042: PNP: PS/2 Controller [PNP0303:PS2K,PNP0f03:PS2M] at 0x60,0x64 irq 1,12
[    1.017639] serio: i8042 KBD port at 0x60,0x64 irq 1
[    1.019213] serio: i8042 AUX port at 0x60,0x64 irq 12
[    1.021056] mousedev: PS/2 mouse device common for all mice
[    1.023024] input: AT Translated Set 2 keyboard as /devices/platform/i8042/serio0/input/input2
[    1.025663] rtc_cmos rtc_cmos: rtc core: registered rtc_cmos as rtc0
[    1.027110] rtc_cmos rtc_cmos: alarms up to one day, 114 bytes nvram
[    1.028470] i2c /dev entries driver
[    1.029451] device-mapper: uevent: version 1.0.3
[    1.030736] device-mapper: ioctl: 4.34.0-ioctl (2015-10-28) initialised: dm-devel@redhat.com
[    1.032727] ledtrig-cpu: registered to indicate activity on CPUs
[    1.034987] NET: Registered protocol family 10
[    1.036718] NET: Registered protocol family 17
[    1.037862] Key type dns_resolver registered
[    1.039844] registered taskstats version 1
[    1.040913] Loading compiled-in X.509 certificates
[    1.042553] Loaded X.509 cert 'Build time autogenerated kernel key: 3e01e6df98386236d59670e6b2ed19a044d5324e'
[    1.044779] zswap: loaded using pool lzo/zbud
[    1.047898] Key type trusted registered
[    1.052987] Key type encrypted registered
[    1.054331] AppArmor: AppArmor sha1 policy hashing enabled
[    1.055626] ima: No TPM chip found, activating TPM-bypass!
[    1.056916] ima: Allocated hash algorithm: sha1
[    1.058052] evm: HMAC attrs: 0x1
[    1.059457]   Magic number: 15:411:839
[    1.060531] rtc_cmos rtc_cmos: setting system clock to 2019-08-15 14:48:11 UTC (1565880491)
[    1.062715] BIOS EDD facility v0.16 2004-Jun-25, 0 devices found
[    1.064020] EDD information not available.
[    1.160933] Freeing unused kernel memory: 1484K
[    1.165374] Write protecting the kernel read-only data: 14336k
[    1.172392] Freeing unused kernel memory: 1612K
[    1.177480] Freeing unused kernel memory: 64K
Loading, please wait...
starting version 229
[    1.216533] random: systemd-udevd: uninitialized urandom read (16 bytes read, 3 bits of entropy available)
[    1.218434] random: udevadm: uninitialized urandom read (16 bytes read, 3 bits of entropy available)
[    1.218488] random: udevadm: uninitialized urandom read (16 bytes read, 3 bits of entropy available)
[    1.230062] random: systemd-udevd: uninitialized urandom read (16 bytes read, 3 bits of entropy available)
[    1.232757] random: systemd-udevd: uninitialized urandom read (16 bytes read, 3 bits of entropy available)
[    1.234085] random: udevadm: uninitialized urandom read (16 bytes read, 3 bits of entropy available)
[    1.234137] random: udevadm: uninitialized urandom read (16 bytes read, 3 bits of entropy available)
[    1.234339] random: udevadm: uninitialized urandom read (16 bytes read, 3 bits of entropy available)
[    1.234401] random: udevadm: uninitialized urandom read (16 bytes read, 3 bits of entropy available)
[    1.234464] random: udevadm: uninitialized urandom read (16 bytes read, 3 bits of entropy available)
[    1.281225] Fusion MPT base driver 3.04.20
[    1.282255] Copyright (c) 1999-2008 LSI Corporation
[    1.284272] e1000: Intel(R) PRO/1000 Network Driver - version 7.3.21-k8-NAPI
[    1.285996] e1000: Copyright (c) 1999-2006 Intel Corporation.
[    1.301859] Fusion MPT SPI Host driver 3.04.20
[    1.308135] AVX2 version of gcm_enc/dec engaged.
[    1.309640] AES CTR mode by8 optimization enabled
[    1.487453] input: ImExPS/2 Generic Explorer Mouse as /devices/platform/i8042/serio1/input/input4
[    1.700074] e1000 0000:00:03.0 eth0: (PCI:33MHz:32-bit) 02:c2:66:bb:16:6d
[    1.701968] e1000 0000:00:03.0 eth0: Intel(R) PRO/1000 Network Connection
[    1.704675] mptbase: ioc0: Initiating bringup
[    1.771092] ioc0: LSI53C1030 A0: Capabilities={Initiator}
[    1.946775] scsi host2: ioc0: LSI53C1030 A0, FwRev=00000000h, Ports=1, MaxQ=256, IRQ=20
[    2.074558] scsi 2:0:0:0: Direct-Access     VBOX     HARDDISK         1.0  PQ: 0 ANSI: 5
[    2.083050] scsi target2:0:0: Beginning Domain Validation
[    2.095197] scsi target2:0:0: Domain Validation skipping write tests
[    2.100771] scsi target2:0:0: Ending Domain Validation
[    2.105887] scsi target2:0:0: asynchronous
[    2.112232] scsi 2:0:1:0: Direct-Access     VBOX     HARDDISK         1.0  PQ: 0 ANSI: 5
[    2.133382] scsi target2:0:1: Beginning Domain Validation
[    2.156126] scsi target2:0:1: Domain Validation skipping write tests
[    2.158824] scsi target2:0:1: Ending Domain Validation
[    2.160847] scsi target2:0:1: asynchronous
[    2.174518] sd 2:0:0:0: Attached scsi generic sg0 type 0
[    2.176291] sd 2:0:0:0: [sda] 20971520 512-byte logical blocks: (10.7 GB/10.0 GiB)
[    2.193624] sd 2:0:1:0: [sdb] 20480 512-byte logical blocks: (10.5 MB/10.0 MiB)
[    2.196243] sd 2:0:1:0: Attached scsi generic sg1 type 0
[    2.198265] sd 2:0:1:0: [sdb] Write Protect is off
[    2.200081] sd 2:0:1:0: [sdb] Incomplete mode parameter data
[    2.201884] sd 2:0:1:0: [sdb] Assuming drive cache: write through
[    2.203804] sd 2:0:0:0: [sda] Write Protect is off
[    2.205850] sd 2:0:0:0: [sda] Incomplete mode parameter data
[    2.207698] sd 2:0:0:0: [sda] Assuming drive cache: write through
[    2.215626]  sda: sda1
[    2.217857] sd 2:0:1:0: [sdb] Attached SCSI disk
[    2.219084] sd 2:0:0:0: [sda] Attached SCSI disk
[    2.516044] e1000 0000:00:08.0 eth1: (PCI:33MHz:32-bit) 08:00:27:9b:37:89
[    2.519176] e1000 0000:00:08.0 eth1: Intel(R) PRO/1000 Network Connection
[    2.522847] e1000 0000:00:08.0 enp0s8: renamed from eth1
[    2.535521] e1000 0000:00:03.0 enp0s3: renamed from eth0
Begin: Loading essential drivers ... [    4.035554] md: linear personality registered for level -1
[    4.040166] md: multipath personality registered for level -4
[    4.045267] md: raid0 personality registered for level 0
[    4.052090] md: raid1 personality registered for level 1
[    4.125925] raid6: sse2x1   gen()  9192 MB/s
[    4.194089] raid6: sse2x1   xor()  8157 MB/s
[    4.261579] raid6: sse2x2   gen() 10554 MB/s
[    4.329864] raid6: sse2x2   xor() 10125 MB/s
[    4.398314] raid6: sse2x4   gen() 13346 MB/s
[    4.465606] raid6: sse2x4   xor()  9890 MB/s
[    4.533951] raid6: avx2x1   gen() 22453 MB/s
[    4.602280] raid6: avx2x2   gen() 23976 MB/s
[    4.669578] raid6: avx2x4   gen() 26646 MB/s
[    4.670616] raid6: using algorithm avx2x4 gen() 26646 MB/s
[    4.671782] raid6: using avx2x2 recovery algorithm
[    4.673750] xor: automatically using best checksumming function:
[    4.714511]    avx       : 30175.000 MB/sec
[    4.716433] async_tx: api initialized (async)
[    4.726655] md: raid6 personality registered for level 6
[    4.728313] md: raid5 personality registered for level 5
[    4.729994] md: raid4 personality registered for level 4
[    4.737562] md: raid10 personality registered for level 10
done.
Begin: Running /scripts/init-premount ... done.
Begin: Mounting root file system ... Begin: Running /scripts/local-top ... done.
Begin: Running /scripts/local-premount ... [    4.769963] Btrfs loaded
Scanning for Btrfs filesystems
done.
Warning: fsck not present, so skipping root file system
[    4.812162] EXT4-fs (sda1): mounted filesystem with ordered data mode. Opts: (null)
done.
Begin: Running /scripts/local-bottom ... done.
Begin: Running /scripts/init-bottom ... done.
[    4.918716] systemd[1]: systemd 229 running in system mode. (+PAM +AUDIT +SELINUX +IMA +APPARMOR +SMACK +SYSVINIT +UTMP +LIBCRYPTSETUP +GCRYPT +GNUTLS +ACL +XZ -LZ4 +SECCOMP +BLKID +ELFUTILS +KMOD -IDN)
[    4.922515] systemd[1]: Detected virtualization oracle.
[    4.923661] systemd[1]: Detected architecture x86-64.

Welcome to [1mUbuntu 16.04.6 LTS[0m!

[    4.927795] systemd[1]: Set hostname to <ubuntu>.
[    4.931455] systemd[1]: Initializing machine ID from random generator.
[    4.932888] systemd[1]: Installed transient /etc/machine-id file.
[    5.096853] systemd[1]: Created slice User and Session Slice.
[[0;32m  OK  [0m] Created slice User and Session Slice.
[    5.106342] systemd[1]: Listening on Device-mapper event daemon FIFOs.
[[0;32m  OK  [0m] Listening on Device-mapper event daemon FIFOs.
[    5.114411] systemd[1]: Started Trigger resolvconf update for networkd DNS.
[[0;32m  OK  [0m] Started Trigger resolvconf update for networkd DNS.
[    5.118596] systemd[1]: Listening on Journal Socket (/dev/log).
[[0;32m  OK  [0m] Listening on Journal Socket (/dev/log).
[    5.121986] systemd[1]: Started Forward Password Requests to Wall Directory Watch.
[[0;32m  OK  [0m] Started Forward Password Requests to Wall Directory Watch.
[    5.126512] systemd[1]: Set up automount Arbitrary Executable File Formats File System Automount Point.
[[0;32m  OK  [0m] Set up automount Arbitrary Executab...ats File System Automount Point.
[    5.131794] systemd[1]: Listening on LVM2 metadata daemon socket.
[[0;32m  OK  [0m] Listening on LVM2 metadata daemon socket.
[    5.135267] systemd[1]: Listening on udev Kernel Socket.
[[0;32m  OK  [0m] Listening on udev Kernel Socket.
[    5.138319] systemd[1]: Reached target Swap.
[[0;32m  OK  [0m] Reached target Swap.
[    5.141053] systemd[1]: Reached target System Time Synchronized.
[[0;32m  OK  [0m] Reached target System Time Synchronized.
[    5.150563] systemd[1]: Listening on Journal Audit Socket.
[[0;32m  OK  [0m] Listening on Journal Audit Socket.
[    5.153280] systemd[1]: Listening on LVM2 poll daemon socket.
[[0;32m  OK  [0m] Listening on LVM2 poll daemon socket.
[    5.156999] systemd[1]: Listening on udev Control Socket.
[[0;32m  OK  [0m] Listening on udev Control Socket.
[    5.159584] systemd[1]: Listening on /dev/initctl Compatibility Named Pipe.
[[0;32m  OK  [0m] Listening on /dev/initctl Compatibility Named Pipe.
[    5.162689] systemd[1]: Reached target User and Group Name Lookups.
[[0;32m  OK  [0m] Reached target User and Group Name Lookups.
[    5.166282] systemd[1]: Listening on Syslog Socket.
[[0;32m  OK  [0m] Listening on Syslog Socket.
[    5.168979] systemd[1]: Listening on Journal Socket.
[[0;32m  OK  [0m] Listening on Journal Socket.
[    5.172055] systemd[1]: Created slice System Slice.
[[0;32m  OK  [0m] Created slice System Slice.
[    5.175386] systemd[1]: Created slice system-serial\x2dgetty.slice.
[[0;32m  OK  [0m] Created slice system-serial\x2dgetty.slice.
[    5.179074] systemd[1]: Reached target Slices.
[[0;32m  OK  [0m] Reached target Slices.
[    5.198143] systemd[1]: Mounting Debug File System...
         Mounting Debug File System...
[    5.201408] systemd[1]: Starting Remount Root and Kernel File Systems...
         Starting Remount Root and Kernel File Systems...
[    5.204836] systemd[1]: Mounting Huge Pages File System...
         Mounting Huge Pages File System...
[    5.208241] EXT4-fs (sda1): re-mounted. Opts: (null)
[    5.210902] systemd[1]: Starting Create list of required static device nodes for the current kernel...
         Starting Create list of required st... nodes for the current kernel...
[    5.217780] systemd[1]: Starting Load Kernel Modules...
         Starting Load Kernel Modules...
[    5.221189] systemd[1]: Starting Uncomplicated firewall...
         Starting Uncomplicated firewall...
[    5.224948] systemd[1]: Starting Monitoring of LVM2 mirrors, snapshots etc. using dmeventd or progress polling...
         Starting Monitoring of LVM2 mirrors... dmeventd or progress polling...
[    5.231386] Loading iSCSI transport class v2.0-870.
[    5.232389] systemd[1]: Mounting POSIX Message Queue File System...
         Mounting POSIX Message Queue File System...
[    5.239628] systemd[1]: Starting Set console keymap...
         Starting Set console keymap...
[    5.242348] systemd[1]: Reached target Encrypted Volumes.
[[0;32m  OK  [0m] Reached target Encrypted Volumes.
[    5.246634] systemd[1]: Starting Journal Service...
         Starting Journal Service...
[    5.253428] systemd[1]: Starting Nameserver information manager...
         Starting Nameserver information manager...
[    5.259164] systemd[1]: Mounted Huge Pages File System.
[[0;32m  OK  [0m] Mounted Huge Pages File System.
[    5.261912] iscsi: registered transport (tcp)
[    5.261981] systemd[1]: Mounted Debug File System.
[[0;32m  OK  [0m] Mounted Debug File System.
[    5.269249] systemd[1]: Mounted POSIX Message Queue File System.
[[0;32m  OK  [0m] Mounted POSIX Message Queue File System.
[    5.273232] systemd[1]: Started Remount Root and Kernel File Systems.
[[0;32m  OK  [0m] Started Remount Root and Kernel File Systems.
[    5.280833] systemd[1]: Started Create list of required static device nodes for the current kernel.
[[0;32m  OK  [0m] Started Create list of required sta...ce nodes for the current kernel.
[    5.285583] systemd[1]: Started Uncomplicated firewall.
[[0;32m  OK  [0m] Started Uncomplicated firewall.
[    5.295055] systemd[1]: Started Journal Service.
[[0;32m  OK  [0m] Started Journal Service.
[[0;32m  OK  [0m] Started Nameserver information manager.
[    5.321421] iscsi: registered transport (iser)
[[0;32m  OK  [0m] Started Load Kernel Modules.
         Mounting FUSE Control File System...
         Starting Apply Kernel Variables...
[[0;32m  OK  [0m] Started LVM2 metadata daemon.
         Starting Create Static Device Nodes in /dev...
         Starting Flush Journal to Persistent Storage...
         Starting Load/Save Random Seed...
         Starting udev Coldplug all Devices...
[[0;32m  OK  [0m] Mounted FUSE Control File System.
[[0;32m  OK  [0m] Started Load/Save Random Seed.
[[0;32m  OK  [0m] Started Apply Kernel Variables.
[[0;32m  OK  [0m] Started Set console keymap.
[[0;32m  OK  [0m] Started Create Static Device Nodes in /dev.
[[0;32m  OK  [0m] Started udev Coldplug all Devices.
[[0;32m  OK  [0m] Started Flush Journal to Persistent Storage.
         Starting udev Kernel Device Manager...
[[0;32m  OK  [0m] Started udev Kernel Device Manager.
[[0;32m  OK  [0m] Started Dispatch Password Requests to Console Directory Watch.
[[0;32m  OK  [0m] Found device /dev/ttyS0.
[[0;32m  OK  [0m] Listening on Load/Save RF Kill Switch Status /dev/rfkill Watch.
[[0;32m  OK  [0m] Started Monitoring of LVM2 mirrors,...ng dmeventd or progress polling.
[[0;32m  OK  [0m] Reached target Local File Systems (Pre).
[[0;32m  OK  [0m] Reached target Local File Systems.
         Starting LSB: AppArmor initialization...
         Starting Commit a transient machine-id on disk...
         Starting Set console font and keymap...
         Starting Initial cloud-init job (pre-networking)...
         Starting Create Volatile Files and Directories...
         Starting Tell Plymouth To Write Out Runtime Data...
[[0;32m  OK  [0m] Started Commit a transient machine-id on disk.
[[0;32m  OK  [0m] Started Create Volatile Files and Directories.
[[0;32m  OK  [0m] Started Tell Plymouth To Write Out Runtime Data.
         Starting Update UTMP about System Boot/Shutdown...
[[0;32m  OK  [0m] Started Update UTMP about System Boot/Shutdown.
[    7.437970] cloud-init[626]: Cloud-init v. 19.1-1-gbaa47854-0ubuntu1~16.04.1 running 'init-local' at Thu, 15 Aug 2019 14:48:17 +0000. Up 6.80 seconds.
[[0;32m  OK  [0m] Started Set console font and keymap.
[[0;32m  OK  [0m] Created slice system-getty.slice.
[[0;32m  OK  [0m] Started Initial cloud-init job (pre-networking).
[[0;32m  OK  [0m] Reached target Network (Pre).
[[0;32m  OK  [0m] Started LSB: AppArmor initialization.
         Starting Raise network interfaces...
[[0;32m  OK  [0m] Started Raise network interfaces.
[[0;32m  OK  [0m] Reached target Network.
         Starting Initial cloud-init job (metadata service crawler)...
[    9.393690] cloud-init[970]: Cloud-init v. 19.1-1-gbaa47854-0ubuntu1~16.04.1 running 'init' at Thu, 15 Aug 2019 14:48:19 +0000. Up 8.80 seconds.
[    9.395687] cloud-init[970]: ci-info: ++++++++++++++++++++++++++++++++++++++Net device info+++++++++++++++++++++++++++++++++++++++
[    9.397541] cloud-init[970]: ci-info: +--------+-------+----------------------------+---------------+--------+-------------------+
[    9.404523] cloud-init[970]: ci-info: | Device |   Up  |          Address           |      Mask     | Scope  |     Hw-Address    |
[    9.406705] cloud-init[970]: ci-info: +--------+-------+----------------------------+---------------+--------+-------------------+
[    9.409584] cloud-init[970]: ci-info: | enp0s3 |  True |         10.0.2.15          | 255.255.255.0 | global | 02:c2:66:bb:16:6d |
[    9.411831] cloud-init[970]: ci-info: | enp0s3 |  True | fe80::c2:66ff:febb:166d/64 |       .       |  link  | 02:c2:66:bb:16:6d |
[    9.413770] cloud-init[970]: ci-info: | enp0s8 | False |             .              |       .       |   .    | 08:00:27:9b:37:89 |
[    9.418238] cloud-init[970]: ci-info: |   lo   |  True |         127.0.0.1          |   255.0.0.0   |  host  |         .         |
[    9.420240] cloud-init[970]: ci-info: |   lo   |  True |          ::1/128           |       .       |  host  |         .         |
[    9.422185] cloud-init[970]: ci-info: +--------+-------+----------------------------+---------------+--------+-------------------+
[    9.424712] cloud-init[970]: ci-info: +++++++++++++++++++++++++++Route IPv4 info++++++++++++++++++++++++++++
[    9.427015] cloud-init[970]: ci-info: +-------+-------------+----------+---------------+-----------+-------+
[    9.428946] cloud-init[970]: ci-info: | Route | Destination | Gateway  |    Genmask    | Interface | Flags |
[    9.430492] cloud-init[970]: ci-info: +-------+-------------+----------+---------------+-----------+-------+
[    9.432189] cloud-init[970]: ci-info: |   0   |   0.0.0.0   | 10.0.2.2 |    0.0.0.0    |   enp0s3  |   UG  |
[    9.435528] cloud-init[970]: ci-info: |   1   |   10.0.2.0  | 0.0.0.0  | 255.255.255.0 |   enp0s3  |   U   |
[    9.438172] cloud-init[970]: ci-info: +-------+-------------+----------+---------------+-----------+-------+
[    9.440759] cloud-init[970]: ci-info: +++++++++++++++++++Route IPv6 info+++++++++++++++++++
[    9.443026] cloud-init[970]: ci-info: +-------+-------------+---------+-----------+-------+
[    9.456982] cloud-init[970]: ci-info: | Route | Destination | Gateway | Interface | Flags |
[    9.457115] cloud-init[970]: ci-info: +-------+-------------+---------+-----------+-------+
[    9.457572] cloud-init[970]: ci-info: |   0   |  fe80::/64  |    ::   |   enp0s3  |   U   |
[    9.458166] cloud-init[970]: ci-info: |   3   |   ff00::/8  |    ::   |   enp0s3  |   U   |
[    9.458657] cloud-init[970]: ci-info: +-------+-------------+---------+-----------+-------+
[    9.459230] cloud-init[970]: Generating public/private rsa key pair.
[    9.459875] cloud-init[970]: Your identification has been saved in /etc/ssh/ssh_host_rsa_key.
[[0;32m  OK  [0m] Started Initial cloud-init job (metadata service crawler).
[    9.460947] cloud-init[970]: Your public key has been saved in /etc/ssh/ssh_host_rsa_key.pub.
[    9.468535] cloud-init[970]: The key fingerprint is:
[    9.469597] cloud-init[970]: SHA256:vzH3PYEGN9HkWKqdSZxWc6VrDzmVpgCFLdddo/grEqU root@ubuntu-xenial
[    9.476984] cloud-init[970]: The key's randomart image is:
[    9.477286] cloud-init[970]: +---[RSA 2048]----+
[    9.478076] cloud-init[970]: |         .+.. +**|
[    9.478847] cloud-init[970]: |         o.oooO+=|
[    9.479393] cloud-init[970]: |          o+ Oo+.|
[    9.480248] cloud-init[970]: |          o.Bo=+ |
[    9.480885] cloud-init[970]: |        SE .o*O  |
[    9.481478] cloud-init[970]: |         ..  +.= |
[    9.482056] cloud-init[970]: |         .+.o.  o|
[    9.482462] cloud-init[970]: |          .=.. o |
[    9.483118] cloud-init[970]: |          .   . o|
[    9.483628] cloud-init[970]: +----[SHA256]-----+
[    9.484258] cloud-init[970]: Generating public/private dsa key pair.
[    9.484898] cloud-init[970]: Your identification has been saved in /etc/ssh/ssh_host_dsa_key.
[    9.485531] cloud-init[970]: Your public key has been saved in /etc/ssh/ssh_host_dsa_key.pub.
[    9.486031] cloud-init[970]: The key fingerprint is:
[    9.486687] cloud-init[970]: SHA256:zjCH6fW6alVba0TraBTPIJOJ2pz/j24G81TrTiVH/Zo root@ubuntu-xenial
[    9.487703] cloud-init[970]: The key's randomart image is:
[    9.488485] cloud-init[970]: +---[DSA 1024]----+
[    9.488914] cloud-init[970]: |       . o       |
[    9.489502] cloud-init[970]: |      . = o .  . |
[    9.490064] cloud-init[970]: |     + . o * .. .|
[    9.490664] cloud-init[970]: |    . +o  o B.  .|
[    9.491576] cloud-init[970]: |      =.So B.oo .|
[    9.492069] cloud-init[970]: |     . B=.= =+ o |
[    9.492345] cloud-init[970]: |      ..oB.o. E  |
[    9.493073] cloud-init[970]: |      .  .=o.    |
[    9.493768] cloud-init[970]: |     ...o=ooo    |
[    9.493823] cloud-init[970]: +----[SHA256]-----+
[    9.494576] cloud-init[970]: Generating public/private ecdsa key pair.
[    9.495232] cloud-init[970]: Your identification has been saved in /etc/ssh/ssh_host_ecdsa_key.
[    9.495574] cloud-init[970]: Your public key has been saved in /etc/ssh/ssh_host_ecdsa_key.pub.
[    9.495916] cloud-init[970]: The key fingerprint is:
[    9.496451] cloud-init[970]: SHA256:i/IG+uHiUNt9UN2t0/XksFaZ/YP9Ufpw2iKxMrHRJCk root@ubuntu-xenial
[    9.496794] cloud-init[970]: The key's randomart image is:
[    9.497321] cloud-init[970]: +---[ECDSA 256]---+
[    9.497662] cloud-init[970]: |                 |
[    9.498030] cloud-init[970]: |         . o .  +|
[    9.498536] cloud-init[970]: |        E + o oo*|
[    9.498880] cloud-init[970]: |       . . + ooO+|
[    9.499408] cloud-init[970]: |  .   . S o =.*+=|
[    9.499751] cloud-init[970]: | . o.. o . + = *+|
[    9.500449] cloud-init[970]: |. ..+.o o + o o +|
[    9.500800] cloud-init[970]: | .o. +..   o . . |
[    9.501255] cloud-init[970]: | ..oo..          |
[    9.501780] cloud-init[970]: +----[SHA256]-----+
[    9.502331] cloud-init[970]: Generating public/private ed25519 key pair.
[    9.502854] cloud-init[970]: Your identification has been saved in /etc/ssh/ssh_host_ed25519_key.
[    9.503410] cloud-init[970]: Your public key has been saved in /etc/ssh/ssh_host_ed25519_key.pub.
[    9.503941] cloud-init[970]: The key fingerprint is:
[    9.504025] cloud-init[970]: SHA256:/vcqzrXZjXjg1uEE94WKn/wqji60855VJc/cSx3LTi4 root@ubuntu-xenial
[    9.504294] cloud-init[970]: The key's randomart image is:
[    9.504342] cloud-init[970]: +--[ED25519 256]--+
[    9.504395] cloud-init[970]: |                 |
[    9.504470] cloud-init[970]: |                 |
[[0;32m  OK  [0m] Reached target Network is Online.
[    9.504760] cloud-init[970]: |            . .o |
[    9.504944] cloud-init[970]: |            .*+.=|
[    9.514058] cloud-init[970]: |        S  ..++*+|
[    9.515371] cloud-init[970]: |      ..  ..o B o|
[    9.516285] cloud-init[970]: |     . .. .+.E = |
[    9.517126] cloud-init[970]: |      +  *o.B==o |
[    9.517919] cloud-init[970]: |       **o==**= .|
[    9.518740] cloud-init[970]: +----[SHA256]-----+
         Starting iSCSI initiator daemon (iscsid)...
[[0;32m  OK  [0m] Reached target System Initialization.
[[0;32m  OK  [0m] Started ACPI Events Check.
[[0;32m  OK  [0m] Reached target Paths.
[[0;32m  OK  [0m] Started Daily apt download activities.
[[0;32m  OK  [0m] Listening on ACPID Listen Socket.
[[0;32m  OK  [0m] Listening on D-Bus System Message Bus Socket.
[[0;32m  OK  [0m] Started Daily Cleanup of Temporary Directories.
         Starting LXD - unix socket.
[[0;32m  OK  [0m] Listening on UUID daemon activation socket.
         Starting Socket activation for snappy daemon.
[[0;32m  OK  [0m] Started Daily apt upgrade and clean activities.
[[0;32m  OK  [0m] Reached target Timers.
[[0;32m  OK  [0m] Reached target Cloud-config availability.
[[0;32m  OK  [0m] Listening on LXD - unix socket.
[[0;32m  OK  [0m] Listening on Socket activation for snappy daemon.
[[0;32m  OK  [0m] Started iSCSI initiator daemon (iscsid).
         Starting Login to default iSCSI targets...
[[0;32m  OK  [0m] Reached target Sockets.
[[0;32m  OK  [0m] Reached target Basic System.
         Starting Virtualbox guest utils...
[[0;32m  OK  [0m] Started Regular background program processing daemon.
         Starting Accounts Service...
[[0;32m  OK  [0m] Started D-Bus System Message Bus.
         Starting LSB: Record successful boot for GRUB...
         Starting System Logging Service...
[[0;32m  OK  [0m] Started FUSE filesystem for LXC.
[[0;32m  OK  [0m] Started Deferred execution scheduler.
         Starting LXD - container startup/shutdown...
         Starting Login Service...
         Starting Pollinate to seed the pseudo random number generator...
         Starting Snappy daemon...
[[0;32m  OK  [0m] Started ACPI event daemon.
         Starting LSB: MD monitoring daemon...
         Starting /etc/rc.local Compatibility...
[[0;32m  OK  [0m] Started /etc/rc.local Compatibility.
[[0;32m  OK  [0m] Started System Logging Service.
[[0;32m  OK  [0m] Started Login to default iSCSI targets.
[[0;32m  OK  [0m] Started LSB: Record successful boot for GRUB.
[[0;32m  OK  [0m] Started LXD - container startup/shutdown.
[[0;32m  OK  [0m] Started LSB: MD monitoring daemon.
         Starting Authenticate and Authorize Users to Run Privileged Tasks...
[[0;32m  OK  [0m] Reached target Remote File Systems (Pre).
[[0;32m  OK  [0m] Reached target Remote File Systems.
         Starting LSB: Set the CPU Frequency Scaling governor to "ondemand"...
         Starting LSB: daemon to balance interrupts for SMP systems...
         Starting Permit User Sessions...
         Starting LSB: automatic crash report generation...
[[0;32m  OK  [0m] Started Permit User Sessions.
[[0;32m  OK  [0m] Started Login Service.
[[0;32m  OK  [0m] Started Virtualbox guest utils.
[[0;32m  OK  [0m] Started Authenticate and Authorize Users to Run Privileged Tasks.
[[0;32m  OK  [0m] Started Accounts Service.
[[0;32m  OK  [0m] Started Unattended Upgrades Shutdown.
         Starting Terminate Plymouth Boot Screen...
         Starting Hold until boot process finishes up...
[[0;32m  OK  [0m] Started Hold until boot process finishes up.
[[0;32m  OK  [0m] Started LSB: daemon to balance interrupts for SMP systems.
[[0;32m  OK  [0m] Started LSB: automatic crash report generation.
[[0;32m  OK  [0m] Started Serial Getty on ttyS0.
[[0;32m  OK  [0m] Started Getty on tty1.
[[0;32m  OK  [0m] Reached target Login Prompts.
         Starting Set console scheme...
[[0;32m  OK  [0m] Started LSB: Set the CPU Frequency Scaling governor to "ondemand".
[[0;32m  OK  [0m] Started Terminate Plymouth Boot Screen.
[[0;32m  OK  [0m] Started Set console scheme.
[[0;32m  OK  [0m] Started Snappy daemon.
         Starting Wait until snapd is fully seeded...
[[0;32m  OK  [0m] Started Pollinate to seed the pseudo random number generator.
         Starting OpenBSD Secure Shell server...
[[0;32m  OK  [0m] Started OpenBSD Secure Shell server.
[[0;32m  OK  [0m] Started Wait until snapd is fully seeded.
[[0;32m  OK  [0m] Reached target Multi-User System.
[[0;32m  OK  [0m] Reached target Graphical Interface.
         Starting Update UTMP about System Runlevel Changes...
         Starting Apply the settings specified in cloud-config...
[[0;32m  OK  [0m] Started Update UTMP about System Runlevel Changes.
[   11.314133] cloud-init[1316]: Generating locales (this might take a while)...
[[0;32m  OK  [0m] Created slice User Slice of vagrant.
         Starting User Manager for UID 1000...
[[0;32m  OK  [0m] Started Session 1 of user vagrant.
[[0;32m  OK  [0m] Started User Manager for UID 1000.
[   12.749110] cloud-init[1316]:   en_US.UTF-8... done
[   12.751282] cloud-init[1316]: Generation complete.
[   13.204795] cloud-init[1316]: Cloud-init v. 19.1-1-gbaa47854-0ubuntu1~16.04.1 running 'modules:config' at Thu, 15 Aug 2019 14:48:21 +0000. Up 11.17 seconds.
[[0;32m  OK  [0m] Started Apply the settings specified in cloud-config.
         Starting Execute cloud user/final scripts...
ci-info: no authorized ssh keys fingerprints found for user ubuntu.
<14>Aug 15 14:48:24 ec2: 
<14>Aug 15 14:48:24 ec2: #############################################################
<14>Aug 15 14:48:24 ec2: -----BEGIN SSH HOST KEY FINGERPRINTS-----
<14>Aug 15 14:48:24 ec2: 1024 SHA256:zjCH6fW6alVba0TraBTPIJOJ2pz/j24G81TrTiVH/Zo root@ubuntu-xenial (DSA)
<14>Aug 15 14:48:24 ec2: 256 SHA256:i/IG+uHiUNt9UN2t0/XksFaZ/YP9Ufpw2iKxMrHRJCk root@ubuntu-xenial (ECDSA)
<14>Aug 15 14:48:24 ec2: 256 SHA256:/vcqzrXZjXjg1uEE94WKn/wqji60855VJc/cSx3LTi4 root@ubuntu-xenial (ED25519)
<14>Aug 15 14:48:24 ec2: 2048 SHA256:vzH3PYEGN9HkWKqdSZxWc6VrDzmVpgCFLdddo/grEqU root@ubuntu-xenial (RSA)
<14>Aug 15 14:48:24 ec2: -----END SSH HOST KEY FINGERPRINTS-----
<14>Aug 15 14:48:24 ec2: #############################################################
-----BEGIN SSH HOST KEY KEYS-----
ecdsa-sha2-nistp256 AAAAE2VjZHNhLXNoYTItbmlzdHAyNTYAAAAIbmlzdHAyNTYAAABBBG9lyEKo4RyRXtr6VSdCSEjDyVsJ5VFPe8YqH5woY9VWhSdThaASiugjkTzGpyGPdgQuHEgd723ezWfSN52CjBE= root@ubuntu-xenial
ssh-ed25519 AAAAC3NzaC1lZDI1NTE5AAAAICWCLikUfKazZfz4kyybXFJxasLuF4+AGAH1P0Sq+nth root@ubuntu-xenial
ssh-rsa AAAAB3NzaC1yc2EAAAADAQABAAABAQCsC54aRvMZGdlv0V5ubj2ijJAPb9IlDs3gQ/i2DoR1eio2BQeFMECxydd5Gr7nXgH6sYpnSQzzbrNI8HqR+Y0axRy0/Vdu/wPAbBPfiRzWJhSJDZim220OWP43szeRb0/XogUdDpKMKWWB22jGQ9nPRpfqZw/TRdTX4vwjh3O3Am04ktRwhqjsn17TtLviZsispRZSrC7J3Zs882mf332ATGeJGFZVyWIFJSu1+p5uSEXngRxHf0iJsYQqO88BWtwlmIKe/GxqF5H4fOdgHtxCdW1ADwtYSYk5Rg18WkJ84AY2Yen46xt0dGjleaYKEUPfMrxTz2tsLbZDvf7zK7vP root@ubuntu-xenial
-----END SSH HOST KEY KEYS-----
[   13.953937] cloud-init[1461]: Cloud-init v. 19.1-1-gbaa47854-0ubuntu1~16.04.1 running 'modules:final' at Thu, 15 Aug 2019 14:48:24 +0000. Up 13.72 seconds.
[   13.958568] cloud-init[1461]: ci-info: no authorized ssh keys fingerprints found for user ubuntu.
[   13.964490] cloud-init[1461]: Cloud-init v. 19.1-1-gbaa47854-0ubuntu1~16.04.1 finished at Thu, 15 Aug 2019 14:48:24 +0000. Datasource DataSourceNoCloud [seed=/dev/sdb][dsmode=net].  Up 13.94 seconds
[[0;32m  OK  [0m] Started Execute cloud user/final scripts.
[[0;32m  OK  [0m] Reached target Cloud-init target.

Ubuntu 16.04.6 LTS ubuntu-xenial ttyS0

ubuntu-xenial login: 